2018-04-29 19:06:36,409 - nekrologia - INFO - Datebase initialized
2018-04-29 19:06:36,410 - nekrologia - INFO - PYTHON VERSION: 3.5.2 (default, Nov 23 2017, 16:37:01) 
[GCC 5.4.0 20160609]
2018-04-29 19:06:41,778 - nekrologia - INFO - Datebase initialized
2018-04-29 19:06:41,779 - nekrologia - INFO - PYTHON VERSION: 3.5.2 (default, Nov 23 2017, 16:37:01) 
[GCC 5.4.0 20160609]
2018-04-29 19:07:39,987 - nekrologia - INFO - Datebase initialized
2018-04-29 19:07:39,988 - nekrologia - INFO - PYTHON VERSION: 3.5.2 (default, Nov 23 2017, 16:37:01) 
[GCC 5.4.0 20160609]
2018-04-29 19:07:44,507 - nekrologia - INFO - Datebase initialized
2018-04-29 19:07:44,508 - nekrologia - INFO - PYTHON VERSION: 3.5.2 (default, Nov 23 2017, 16:37:01) 
[GCC 5.4.0 20160609]
2018-04-29 19:11:09,237 - nekrologia - INFO - Datebase initialized
2018-04-29 19:11:09,239 - nekrologia - INFO - PYTHON VERSION: 3.5.2 (default, Nov 23 2017, 16:37:01) 
[GCC 5.4.0 20160609]
2018-04-29 19:11:09,575 - nekrologia - INFO - Datebase initialized
2018-04-29 19:11:09,576 - nekrologia - INFO - PYTHON VERSION: 3.5.2 (default, Nov 23 2017, 16:37:01) 
[GCC 5.4.0 20160609]
2018-04-29 19:19:10,719 - nekrologia - INFO - Datebase initialized
2018-04-29 19:19:10,725 - nekrologia - INFO - PYTHON VERSION: 3.5.2 (default, Nov 23 2017, 16:37:01) 
[GCC 5.4.0 20160609]
2018-04-29 19:19:17,939 - nekrologia - INFO - Datebase initialized
2018-04-29 19:19:17,940 - nekrologia - INFO - PYTHON VERSION: 3.5.2 (default, Nov 23 2017, 16:37:01) 
[GCC 5.4.0 20160609]
2018-04-29 19:19:33,612 - nekrologia - INFO - Datebase initialized
2018-04-29 19:19:33,612 - nekrologia - INFO - PYTHON VERSION: 3.5.2 (default, Nov 23 2017, 16:37:01) 
[GCC 5.4.0 20160609]
2018-04-29 19:19:54,270 - nekrologia - INFO - Datebase initialized
2018-04-29 19:19:54,270 - nekrologia - INFO - PYTHON VERSION: 3.5.2 (default, Nov 23 2017, 16:37:01) 
[GCC 5.4.0 20160609]
2018-04-29 19:34:06,666 - nekrologia - INFO - Datebase initialized
2018-04-29 19:34:06,697 - nekrologia - INFO - PYTHON VERSION: 3.5.2 (default, Nov 23 2017, 16:37:01) 
[GCC 5.4.0 20160609]
2018-04-29 19:35:02,430 - nekrologia - INFO - Datebase initialized
2018-04-29 19:35:02,430 - nekrologia - INFO - PYTHON VERSION: 3.5.2 (default, Nov 23 2017, 16:37:01) 
[GCC 5.4.0 20160609]
2018-04-29 19:37:22,017 - nekrologia - INFO - Datebase initialized
2018-04-29 19:37:22,018 - nekrologia - INFO - PYTHON VERSION: 3.5.2 (default, Nov 23 2017, 16:37:01) 
[GCC 5.4.0 20160609]
2018-04-29 19:40:37,954 - nekrologia - INFO - Datebase initialized
2018-04-29 19:40:37,954 - nekrologia - INFO - PYTHON VERSION: 3.5.2 (default, Nov 23 2017, 16:37:01) 
[GCC 5.4.0 20160609]
2018-04-29 19:41:05,612 - nekrologia - INFO - Datebase initialized
2018-04-29 19:41:05,612 - nekrologia - INFO - PYTHON VERSION: 3.5.2 (default, Nov 23 2017, 16:37:01) 
[GCC 5.4.0 20160609]
2018-04-29 19:41:08,032 - nekrologia - INFO - Datebase initialized
2018-04-29 19:41:08,033 - nekrologia - INFO - PYTHON VERSION: 3.5.2 (default, Nov 23 2017, 16:37:01) 
[GCC 5.4.0 20160609]
2018-04-29 19:41:12,527 - nekrologia - INFO - Datebase initialized
2018-04-29 19:41:12,528 - nekrologia - INFO - PYTHON VERSION: 3.5.2 (default, Nov 23 2017, 16:37:01) 
[GCC 5.4.0 20160609]
2018-04-29 19:51:31,447 - nekrologia - INFO - Datebase initialized
2018-04-29 19:51:31,480 - nekrologia - INFO - PYTHON VERSION: 3.5.2 (default, Nov 23 2017, 16:37:01) 
[GCC 5.4.0 20160609]
2018-04-29 19:51:38,731 - nekrologia - INFO - Datebase initialized
2018-04-29 19:51:38,731 - nekrologia - INFO - PYTHON VERSION: 3.5.2 (default, Nov 23 2017, 16:37:01) 
[GCC 5.4.0 20160609]
2018-04-29 19:51:50,299 - nekrologia - INFO - Datebase initialized
2018-04-29 19:51:50,302 - nekrologia - INFO - PYTHON VERSION: 3.5.2 (default, Nov 23 2017, 16:37:01) 
[GCC 5.4.0 20160609]
2018-05-02 12:36:26,816 - nekrologia - INFO - Datebase initialized
2018-05-02 12:36:26,816 - nekrologia - INFO - Datebase initialized
2018-05-02 12:36:26,834 - nekrologia - INFO - PYTHON VERSION: 3.5.2 (default, Nov 23 2017, 16:37:01) 
[GCC 5.4.0 20160609]
2018-05-02 12:36:26,834 - nekrologia - INFO - PYTHON VERSION: 3.5.2 (default, Nov 23 2017, 16:37:01) 
[GCC 5.4.0 20160609]
2018-05-02 12:47:01,151 - nekrologia - INFO - Datebase initialized
2018-05-02 12:47:01,151 - nekrologia - INFO - PYTHON VERSION: 3.5.2 (default, Nov 23 2017, 16:37:01) 
[GCC 5.4.0 20160609]
2018-05-02 12:49:23,154 - nekrologia - INFO - Datebase initialized
2018-05-02 12:49:23,182 - nekrologia - INFO - PYTHON VERSION: 3.5.2 (default, Nov 23 2017, 16:37:01) 
[GCC 5.4.0 20160609]
2018-05-02 12:52:04,688 - nekrologia - INFO - Datebase initialized
2018-05-02 12:52:04,689 - nekrologia - INFO - PYTHON VERSION: 3.5.2 (default, Nov 23 2017, 16:37:01) 
[GCC 5.4.0 20160609]
2018-05-02 12:52:54,534 - nekrologia - INFO - Datebase initialized
2018-05-02 12:52:54,537 - nekrologia - INFO - PYTHON VERSION: 3.5.2 (default, Nov 23 2017, 16:37:01) 
[GCC 5.4.0 20160609]
2018-05-02 12:54:15,692 - nekrologia - INFO - Datebase initialized
2018-05-02 12:54:15,693 - nekrologia - INFO - PYTHON VERSION: 3.5.2 (default, Nov 23 2017, 16:37:01) 
[GCC 5.4.0 20160609]
2018-05-02 12:55:10,524 - nekrologia - INFO - Datebase initialized
2018-05-02 12:55:10,524 - nekrologia - INFO - PYTHON VERSION: 3.5.2 (default, Nov 23 2017, 16:37:01) 
[GCC 5.4.0 20160609]
2018-05-02 12:55:14,050 - nekrologia - INFO - Datebase initialized
2018-05-02 12:55:14,050 - nekrologia - INFO - PYTHON VERSION: 3.5.2 (default, Nov 23 2017, 16:37:01) 
[GCC 5.4.0 20160609]
2018-05-02 12:55:50,808 - nekrologia - INFO - Datebase initialized
2018-05-02 12:55:50,810 - nekrologia - INFO - PYTHON VERSION: 3.5.2 (default, Nov 23 2017, 16:37:01) 
[GCC 5.4.0 20160609]
2018-05-02 12:58:51,686 - nekrologia - INFO - Datebase initialized
2018-05-02 12:58:51,687 - nekrologia - INFO - PYTHON VERSION: 3.5.2 (default, Nov 23 2017, 16:37:01) 
[GCC 5.4.0 20160609]
2018-05-02 12:59:37,512 - nekrologia - INFO - Datebase initialized
2018-05-02 12:59:37,514 - nekrologia - INFO - PYTHON VERSION: 3.5.2 (default, Nov 23 2017, 16:37:01) 
[GCC 5.4.0 20160609]
2018-05-02 13:03:09,627 - nekrologia - INFO - Datebase initialized
2018-05-02 13:03:09,628 - nekrologia - INFO - PYTHON VERSION: 3.5.2 (default, Nov 23 2017, 16:37:01) 
[GCC 5.4.0 20160609]
2018-05-02 13:05:48,285 - nekrologia - INFO - Datebase initialized
2018-05-02 13:05:48,285 - nekrologia - INFO - PYTHON VERSION: 3.5.2 (default, Nov 23 2017, 16:37:01) 
[GCC 5.4.0 20160609]
2018-05-02 13:05:52,795 - nekrologia - INFO - Datebase initialized
2018-05-02 13:05:52,795 - nekrologia - INFO - PYTHON VERSION: 3.5.2 (default, Nov 23 2017, 16:37:01) 
[GCC 5.4.0 20160609]
2018-05-02 13:06:48,645 - nekrologia - INFO - Datebase initialized
2018-05-02 13:06:48,645 - nekrologia - INFO - PYTHON VERSION: 3.5.2 (default, Nov 23 2017, 16:37:01) 
[GCC 5.4.0 20160609]
2018-05-02 13:07:14,329 - nekrologia - INFO - Datebase initialized
2018-05-02 13:07:14,330 - nekrologia - INFO - PYTHON VERSION: 3.5.2 (default, Nov 23 2017, 16:37:01) 
[GCC 5.4.0 20160609]
2018-05-02 13:09:25,866 - nekrologia - INFO - Datebase initialized
2018-05-02 13:09:25,867 - nekrologia - INFO - PYTHON VERSION: 3.5.2 (default, Nov 23 2017, 16:37:01) 
[GCC 5.4.0 20160609]
2018-05-02 13:09:29,341 - nekrologia - INFO - Datebase initialized
2018-05-02 13:09:29,342 - nekrologia - INFO - PYTHON VERSION: 3.5.2 (default, Nov 23 2017, 16:37:01) 
[GCC 5.4.0 20160609]
2018-05-02 13:09:32,857 - nekrologia - INFO - Datebase initialized
2018-05-02 13:09:32,858 - nekrologia - INFO - PYTHON VERSION: 3.5.2 (default, Nov 23 2017, 16:37:01) 
[GCC 5.4.0 20160609]
2018-05-02 13:10:00,511 - nekrologia - INFO - Datebase initialized
2018-05-02 13:10:00,512 - nekrologia - INFO - PYTHON VERSION: 3.5.2 (default, Nov 23 2017, 16:37:01) 
[GCC 5.4.0 20160609]
2018-05-02 13:10:16,153 - nekrologia - INFO - Datebase initialized
2018-05-02 13:10:16,154 - nekrologia - INFO - PYTHON VERSION: 3.5.2 (default, Nov 23 2017, 16:37:01) 
[GCC 5.4.0 20160609]
2018-05-02 13:10:18,655 - nekrologia - INFO - Datebase initialized
2018-05-02 13:10:18,655 - nekrologia - INFO - PYTHON VERSION: 3.5.2 (default, Nov 23 2017, 16:37:01) 
[GCC 5.4.0 20160609]
2018-05-02 13:24:45,506 - nekrologia - INFO - Datebase initialized
2018-05-02 13:24:45,518 - nekrologia - INFO - PYTHON VERSION: 3.5.2 (default, Nov 23 2017, 16:37:01) 
[GCC 5.4.0 20160609]
2018-05-02 13:25:03,970 - nekrologia - INFO - Datebase initialized
2018-05-02 13:25:03,971 - nekrologia - INFO - PYTHON VERSION: 3.5.2 (default, Nov 23 2017, 16:37:01) 
[GCC 5.4.0 20160609]
2018-05-02 13:28:23,078 - nekrologia - INFO - Datebase initialized
2018-05-02 13:28:23,079 - nekrologia - INFO - PYTHON VERSION: 3.5.2 (default, Nov 23 2017, 16:37:01) 
[GCC 5.4.0 20160609]
2018-05-02 13:28:27,548 - nekrologia - INFO - Datebase initialized
2018-05-02 13:28:27,548 - nekrologia - INFO - PYTHON VERSION: 3.5.2 (default, Nov 23 2017, 16:37:01) 
[GCC 5.4.0 20160609]
2018-05-02 13:28:52,789 - nekrologia - INFO - Datebase initialized
2018-05-02 13:28:52,790 - nekrologia - INFO - PYTHON VERSION: 3.5.2 (default, Nov 23 2017, 16:37:01) 
[GCC 5.4.0 20160609]
2018-05-02 13:28:53,138 - nekrologia - INFO - Datebase initialized
2018-05-02 13:28:53,146 - nekrologia - INFO - PYTHON VERSION: 3.5.2 (default, Nov 23 2017, 16:37:01) 
[GCC 5.4.0 20160609]
2018-05-02 13:31:11,813 - nekrologia - INFO - Datebase initialized
2018-05-02 13:31:11,813 - nekrologia - INFO - PYTHON VERSION: 3.5.2 (default, Nov 23 2017, 16:37:01) 
[GCC 5.4.0 20160609]
2018-05-02 13:32:38,944 - nekrologia - INFO - Datebase initialized
2018-05-02 13:32:38,945 - nekrologia - INFO - PYTHON VERSION: 3.5.2 (default, Nov 23 2017, 16:37:01) 
[GCC 5.4.0 20160609]
2018-05-02 15:56:02,328 - nekrologia - INFO - Datebase initialized
2018-05-02 15:56:02,345 - nekrologia - INFO - PYTHON VERSION: 3.5.2 (default, Nov 23 2017, 16:37:01) 
[GCC 5.4.0 20160609]
2018-05-02 15:56:02,540 - nekrologia - INFO - Datebase initialized
2018-05-02 15:56:02,540 - nekrologia - INFO - PYTHON VERSION: 3.5.2 (default, Nov 23 2017, 16:37:01) 
[GCC 5.4.0 20160609]
2018-05-02 18:51:37,428 - nekrologia - INFO - Datebase initialized
2018-05-02 18:51:37,475 - nekrologia - INFO - PYTHON VERSION: 3.5.2 (default, Nov 23 2017, 16:37:01) 
[GCC 5.4.0 20160609]
2018-05-02 18:52:00,823 - nekrologia - INFO - Datebase initialized
2018-05-02 18:52:00,823 - nekrologia - INFO - PYTHON VERSION: 3.5.2 (default, Nov 23 2017, 16:37:01) 
[GCC 5.4.0 20160609]
2018-05-02 18:52:25,579 - nekrologia - INFO - Datebase initialized
2018-05-02 18:52:25,579 - nekrologia - INFO - PYTHON VERSION: 3.5.2 (default, Nov 23 2017, 16:37:01) 
[GCC 5.4.0 20160609]
2018-05-02 21:41:21,829 - nekrologia - INFO - Datebase initialized
2018-05-02 21:41:21,847 - nekrologia - INFO - PYTHON VERSION: 3.5.2 (default, Nov 23 2017, 16:37:01) 
[GCC 5.4.0 20160609]
2018-05-06 21:53:03,563 - nekrologia - INFO - Datebase initialized
2018-05-06 21:53:03,604 - nekrologia - INFO - PYTHON VERSION: 3.5.2 (default, Nov 23 2017, 16:37:01) 
[GCC 5.4.0 20160609]
2018-05-06 21:55:21,100 - nekrologia - INFO - Datebase initialized
2018-05-06 21:55:21,101 - nekrologia - INFO - PYTHON VERSION: 3.5.2 (default, Nov 23 2017, 16:37:01) 
[GCC 5.4.0 20160609]
2018-05-06 21:55:23,598 - nekrologia - INFO - Datebase initialized
2018-05-06 21:55:23,598 - nekrologia - INFO - PYTHON VERSION: 3.5.2 (default, Nov 23 2017, 16:37:01) 
[GCC 5.4.0 20160609]
2018-05-06 21:55:28,109 - nekrologia - INFO - Datebase initialized
2018-05-06 21:55:28,110 - nekrologia - INFO - PYTHON VERSION: 3.5.2 (default, Nov 23 2017, 16:37:01) 
[GCC 5.4.0 20160609]
2018-05-09 16:12:07,278 - nekrologia - INFO - City: Poznań
2018-05-09 16:12:07,322 - nekrologia - INFO - Graves: []
2018-05-09 16:20:10,961 - nekrologia - INFO - City: Poznań
2018-05-09 16:20:10,962 - nekrologia - INFO - Graves: [<sqlite3.Row object at 0x7fda3811f610>]
2018-05-09 16:28:24,849 - nekrologia - INFO - City: Poznań
2018-05-09 16:28:24,850 - nekrologia - INFO - Graves: [{'cementary_id': 1, 'full_name': 'Cmentarz Sołacki Jana Vianneya', 'full_name_with_title': 'Prof. dr. hab. Tadeusz Cybulko', 'id': 1, 'city': 'Poznań', 'date_of_death': '10-10-2010', 'date_of_birth': '22-04-1929'}]
2018-05-09 16:33:13,392 - nekrologia - INFO - City: None
2018-05-09 16:33:13,392 - nekrologia - INFO - Graves: [{'full_name_with_title': 'Prof. dr. hab. Tadeusz Cybulko', 'date_of_birth': '22-04-1929', 'full_name': 'Cmentarz Sołacki Jana Vianneya', 'city': 'Poznań', 'date_of_death': '10-10-2010', 'id': 1, 'cementary_id': 1}]
2018-05-09 16:36:24,056 - nekrologia - INFO - City: Poznań
2018-05-09 16:36:24,057 - nekrologia - INFO - Graves: [<sqlite3.Row object at 0x7fefdeabfad0>]
2018-05-09 16:36:37,836 - nekrologia - INFO - City: Poznań
2018-05-09 16:36:37,837 - nekrologia - INFO - Graves: [<sqlite3.Row object at 0x7fefdeabfa70>]
2018-05-09 16:37:58,935 - nekrologia - INFO - City: Poznań
2018-05-09 16:37:58,963 - nekrologia - INFO - Graves: [<sqlite3.Row object at 0x7fbc88fb8910>]
2018-05-09 16:39:06,645 - nekrologia - INFO - City: Poznań
2018-05-09 16:39:06,645 - nekrologia - INFO - Graves: [<sqlite3.Row object at 0x7fbc88b6d090>]
2018-05-09 16:39:34,313 - nekrologia - INFO - City: Poznań
2018-05-09 16:39:34,313 - nekrologia - INFO - Graves: [<sqlite3.Row object at 0x7fbc88b6d530>]
2018-05-09 16:39:40,148 - nekrologia - INFO - City: Poznań
2018-05-09 16:39:40,148 - nekrologia - INFO - Graves: [<sqlite3.Row object at 0x7fbc88b6d990>]
2018-05-09 16:39:59,315 - nekrologia - INFO - City: Poznań
2018-05-09 16:39:59,315 - nekrologia - INFO - Graves: [<sqlite3.Row object at 0x7fbc88b6d8f0>]
2018-05-09 16:40:52,848 - nekrologia - INFO - City: Poznań
2018-05-09 16:40:52,848 - nekrologia - INFO - Graves: [<sqlite3.Row object at 0x7fbc88b6df30>]
2018-05-09 16:40:53,502 - nekrologia - INFO - City: Poznań
2018-05-09 16:40:53,502 - nekrologia - INFO - Graves: [<sqlite3.Row object at 0x7fbc7b55b170>]
2018-05-09 16:41:02,838 - nekrologia - INFO - City: Poznań
2018-05-09 16:41:02,839 - nekrologia - INFO - Graves: [<sqlite3.Row object at 0x7fbc88b6d8f0>]
2018-05-09 14:41:17,621 - nekrologia - INFO - City: Poznań
2018-05-09 14:41:17,621 - nekrologia - INFO - Graves: [<sqlite3.Row object at 0x7fbc88b6d8f0>]
